<?xml version="1.0" encoding="UTF-8"?>
<testng-results ignored="0" total="2" passed="2" failed="0" skipped="0">
  <reporter-output>
  </reporter-output>
  <suite started-at="2025-04-09T16:31:05 IST" name="Default suite" finished-at="2025-04-09T16:31:21 IST" duration-ms="16004">
    <groups>
      <group name="cucumber">
        <method signature="AbstractTestNGCucumberTests.runScenario(io.cucumber.testng.PickleWrapper,io.cucumber.testng.FeatureWrapper)[pri:0, instance:runners.testRunner@5e2c3d18]" name="runScenario" class="io.cucumber.testng.AbstractTestNGCucumberTests"/>
      </group> <!-- cucumber -->
    </groups>
    <test started-at="2025-04-09T16:31:05 IST" name="Default test" finished-at="2025-04-09T16:31:21 IST" duration-ms="16004">
      <class name="runners.testRunner">
        <test-method is-config="true" signature="setUpClass(org.testng.ITestContext)[pri:0, instance:runners.testRunner@5e2c3d18]" started-at="2025-04-09T16:31:05 IST" name="setUpClass" finished-at="2025-04-09T16:31:05 IST" duration-ms="762" status="PASS">
          <params>
            <param index="0">
              <value>
                <![CDATA[org.testng.TestRunner@5b22d8a1]]>
              </value>
            </param>
          </params>
          <reporter-output>
          </reporter-output>
        </test-method> <!-- setUpClass -->
        <test-method signature="runScenario(io.cucumber.testng.PickleWrapper,io.cucumber.testng.FeatureWrapper)[pri:0, instance:runners.testRunner@5e2c3d18]" started-at="2025-04-09T16:31:05 IST" name="runScenario" description="Runs Cucumber Scenarios" data-provider="scenarios" finished-at="2025-04-09T16:31:13 IST" duration-ms="7725" status="PASS">
          <params>
            <param index="0">
              <value>
                <![CDATA["Novel Book search Test"]]>
              </value>
            </param>
            <param index="1">
              <value>
                <![CDATA["Booksearch Test"]]>
              </value>
            </param>
          </params>
          <reporter-output>
          </reporter-output>
        </test-method> <!-- runScenario -->
        <test-method signature="runScenario(io.cucumber.testng.PickleWrapper,io.cucumber.testng.FeatureWrapper)[pri:0, instance:runners.testRunner@5e2c3d18]" started-at="2025-04-09T16:31:13 IST" name="runScenario" description="Runs Cucumber Scenarios" data-provider="scenarios" finished-at="2025-04-09T16:31:21 IST" duration-ms="7333" status="PASS">
          <params>
            <param index="0">
              <value>
                <![CDATA["Fantasy Book search Test"]]>
              </value>
            </param>
            <param index="1">
              <value>
                <![CDATA["Booksearch Test"]]>
              </value>
            </param>
          </params>
          <reporter-output>
          </reporter-output>
        </test-method> <!-- runScenario -->
        <test-method is-config="true" signature="tearDownClass()[pri:0, instance:runners.testRunner@5e2c3d18]" started-at="2025-04-09T16:31:21 IST" name="tearDownClass" finished-at="2025-04-09T16:31:21 IST" duration-ms="124" status="PASS">
          <reporter-output>
          </reporter-output>
        </test-method> <!-- tearDownClass -->
      </class> <!-- runners.testRunner -->
    </test> <!-- Default test -->
  </suite> <!-- Default suite -->
</testng-results>
